year,month,day of year,hour,minute: 
 2005 6 166 13 0 
the dimension of aerosols and h2o climatology 
360 180 1441 721 
the name of the aerosol, h2o  and surface albedo and landused climatology 
climatologies/aeronet_modmed.dat
 climatologies/h2oclim-era.dat
 climatologies/albedo.map
 climatologies/IGBPa_2006.map
the dimension of the LUT parameter, ngg,nssa,naod,nh2o,no3: 
2 3 10 
 18 3 
the name of the look-up table: luts/magic-clear.lut 
the names of the output files: 
 .XPIF /home/lee/Downloads/Sitzung_Richard/Beispieldaten/ergebnisse/200506/200506151300 
calculation for cloudy sky 0=false, 1=true: 1 
if cloud true:output for regrided area  0=false, 1=true: 1 
The defined sub-region, longitude:start/end latitude: start/end, x,y-resolution 
-90.000000 90.000000 -90.000000 90.000000 0.050000 0.050000 
the following parameter are only needed if the cloud option is used 
the file containing the cloud information: 
 /home/lee/Downloads/Sitzung_Richard/Beispieldaten/cloud_index_output/200506/200506151300_M7_VISSN.CI.XPIF 
the dimension of the cloud file xdim,ydim= 5000 5000 
The headerlength is 256 and the size of the array elements is 1 
aperture = 18.000000 satpos= 0.000000 scanning time for 1 line 25.000000
the heliosat cloud index ranges from -0.2 to 1.2 
the used range is nmin, nmax -0.200000 1.200000currently not in use 
 geo/nlon.dat
 geo/nlat.dat
 geo/nsza.dat
